<?xml version="1.0" encoding="UTF-8"?>
<!-- Generated by org.testng.reporters.JUnitReportReporter -->
<testsuite hostname="Chinmays-MacBook-Pro.local" failures="0" tests="3" name="com.qa.crm.testcases.HomePageTest" time="50.613" errors="0" timestamp="23 May 2018 06:35:12 GMT" skipped="0">
  <testcase classname="com.qa.crm.testcases.HomePageTest" name="VerifyUsername" time="18.122"/>
  <testcase classname="com.qa.crm.testcases.HomePageTest" name="VerifyPageTitle" time="15.656"/>
  <testcase classname="com.qa.crm.testcases.HomePageTest" name="VerifyContactsLink" time="16.835"/>
</testsuite> <!-- com.qa.crm.testcases.HomePageTest -->
