<?xml version="1.0" encoding="UTF-8"?>
<!-- Generated by org.testng.reporters.JUnitReportReporter -->
<testsuite hostname="Chinmays-MacBook-Pro.local" failures="0" tests="3" name="com.qa.crm.testcases.ContactsPageTest" time="60.168" errors="0" timestamp="23 May 2018 06:35:12 GMT" skipped="0">
  <testcase classname="com.qa.crm.testcases.ContactsPageTest" name="VerifyContactsPageTest" time="19.862"/>
  <testcase classname="com.qa.crm.testcases.ContactsPageTest" name="ChecktheContactname" time="25.151"/>
  <testcase classname="com.qa.crm.testcases.ContactsPageTest" name="MutlipleChecktheContactname" time="15.155"/>
</testsuite> <!-- com.qa.crm.testcases.ContactsPageTest -->
