<?xml version="1.0" encoding="UTF-8"?>
<!-- Generated by org.testng.reporters.JUnitReportReporter -->
<testsuite hostname="Chinmays-MacBook-Pro.local" failures="0" tests="3" name="com.qa.crm.testcases.LoginPageTest" time="36.258" errors="0" timestamp="23 May 2018 06:35:12 GMT" skipped="0">
  <testcase classname="com.qa.crm.testcases.LoginPageTest" name="LoginTest" time="20.527"/>
  <testcase classname="com.qa.crm.testcases.LoginPageTest" name="LogoDisplayed" time="8.416"/>
  <testcase classname="com.qa.crm.testcases.LoginPageTest" name="verifyPagetitle" time="7.315"/>
</testsuite> <!-- com.qa.crm.testcases.LoginPageTest -->
